This is pdfTeX, Version 3.1415926-2.4-1.40.13 (MiKTeX 2.9) (preloaded format=pdflatex 2017.5.19)  29 JAN 2018 10:59
entering extended mode
**M:/Watershed/variability/corr_tables.tex
(M:/Watershed/variability/corr_tables.tex
LaTeX2e <2011/06/27>
Babel <v3.8m> and hyphenation patterns for english, afrikaans, ancientgreek, ar
abic, armenian, assamese, basque, bengali, bokmal, bulgarian, catalan, coptic, 
croatian, czech, danish, dutch, esperanto, estonian, farsi, finnish, french, ga
lician, german, german-x-2012-05-30, greek, gujarati, hindi, hungarian, iceland
ic, indonesian, interlingua, irish, italian, kannada, kurmanji, latin, latvian,
 lithuanian, malayalam, marathi, mongolian, mongolianlmc, monogreek, ngerman, n
german-x-2012-05-30, nynorsk, oriya, panjabi, pinyin, polish, portuguese, roman
ian, russian, sanskrit, serbian, slovak, slovenian, spanish, swedish, swissgerm
an, tamil, telugu, turkish, turkmen, ukenglish, ukrainian, uppersorbian, usengl
ishmax, welsh, loaded.
("C:\Program Files (x86)\MiKTeX 2.9\tex\latex\base\article.cls"
Document Class: article 2007/10/19 v1.4h Standard LaTeX document class
("C:\Program Files (x86)\MiKTeX 2.9\tex\latex\base\size11.clo"
File: size11.clo 2007/10/19 v1.4h Standard LaTeX file (size option)
)
\c@part=\count79
\c@section=\count80
\c@subsection=\count81
\c@subsubsection=\count82
\c@paragraph=\count83
\c@subparagraph=\count84
\c@figure=\count85
\c@table=\count86
\abovecaptionskip=\skip41
\belowcaptionskip=\skip42
\bibindent=\dimen102
)
("C:\Program Files (x86)\MiKTeX 2.9\tex\latex\psnfss\times.sty"
Package: times 2005/04/12 PSNFSS-v9.2a (SPQR) 
)
("C:\Program Files (x86)\MiKTeX 2.9\tex\latex\graphics\color.sty"
Package: color 2005/11/14 v1.0j Standard LaTeX Color (DPC)

("C:\Program Files (x86)\MiKTeX 2.9\tex\latex\00miktex\color.cfg"
File: color.cfg 2007/01/18 v1.5 color configuration of teTeX/TeXLive
)
Package color Info: Driver file: pdftex.def on input line 130.

("C:\Program Files (x86)\MiKTeX 2.9\tex\latex\pdftex-def\pdftex.def"
File: pdftex.def 2011/05/27 v0.06d Graphics/color for pdfTeX

("C:\Program Files (x86)\MiKTeX 2.9\tex\generic\oberdiek\infwarerr.sty"
Package: infwarerr 2010/04/08 v1.3 Providing info/warning/error messages (HO)
)
("C:\Program Files (x86)\MiKTeX 2.9\tex\generic\oberdiek\ltxcmds.sty"
Package: ltxcmds 2011/11/09 v1.22 LaTeX kernel commands for general use (HO)
)
\Gread@gobject=\count87
))
("C:\Program Files (x86)\MiKTeX 2.9\tex\latex\graphics\graphicx.sty"
Package: graphicx 1999/02/16 v1.0f Enhanced LaTeX Graphics (DPC,SPQR)

("C:\Program Files (x86)\MiKTeX 2.9\tex\latex\graphics\keyval.sty"
Package: keyval 1999/03/16 v1.13 key=value parser (DPC)
\KV@toks@=\toks14
)
("C:\Program Files (x86)\MiKTeX 2.9\tex\latex\graphics\graphics.sty"
Package: graphics 2009/02/05 v1.0o Standard LaTeX Graphics (DPC,SPQR)

("C:\Program Files (x86)\MiKTeX 2.9\tex\latex\graphics\trig.sty"
Package: trig 1999/03/16 v1.09 sin cos tan (DPC)
)
("C:\Program Files (x86)\MiKTeX 2.9\tex\latex\00miktex\graphics.cfg"
File: graphics.cfg 2007/01/18 v1.5 graphics configuration of teTeX/TeXLive
)
Package graphics Info: Driver file: pdftex.def on input line 91.
)
\Gin@req@height=\dimen103
\Gin@req@width=\dimen104
)
("C:\Program Files (x86)\MiKTeX 2.9\tex\latex\amsmath\amsmath.sty"
Package: amsmath 2013/01/14 v2.14 AMS math features
\@mathmargin=\skip43

For additional information on amsmath, use the `?' option.
("C:\Program Files (x86)\MiKTeX 2.9\tex\latex\amsmath\amstext.sty"
Package: amstext 2000/06/29 v2.01

("C:\Program Files (x86)\MiKTeX 2.9\tex\latex\amsmath\amsgen.sty"
File: amsgen.sty 1999/11/30 v2.0
\@emptytoks=\toks15
\ex@=\dimen105
))
("C:\Program Files (x86)\MiKTeX 2.9\tex\latex\amsmath\amsbsy.sty"
Package: amsbsy 1999/11/29 v1.2d
\pmbraise@=\dimen106
)
("C:\Program Files (x86)\MiKTeX 2.9\tex\latex\amsmath\amsopn.sty"
Package: amsopn 1999/12/14 v2.01 operator names
)
\inf@bad=\count88
LaTeX Info: Redefining \frac on input line 210.
\uproot@=\count89
\leftroot@=\count90
LaTeX Info: Redefining \overline on input line 306.
\classnum@=\count91
\DOTSCASE@=\count92
LaTeX Info: Redefining \ldots on input line 378.
LaTeX Info: Redefining \dots on input line 381.
LaTeX Info: Redefining \cdots on input line 466.
\Mathstrutbox@=\box26
\strutbox@=\box27
\big@size=\dimen107
LaTeX Font Info:    Redeclaring font encoding OML on input line 566.
LaTeX Font Info:    Redeclaring font encoding OMS on input line 567.
\macc@depth=\count93
\c@MaxMatrixCols=\count94
\dotsspace@=\muskip10
\c@parentequation=\count95
\dspbrk@lvl=\count96
\tag@help=\toks16
\row@=\count97
\column@=\count98
\maxfields@=\count99
\andhelp@=\toks17
\eqnshift@=\dimen108
\alignsep@=\dimen109
\tagshift@=\dimen110
\tagwidth@=\dimen111
\totwidth@=\dimen112
\lineht@=\dimen113
\@envbody=\toks18
\multlinegap=\skip44
\multlinetaggap=\skip45
\mathdisplay@stack=\toks19
LaTeX Info: Redefining \[ on input line 2665.
LaTeX Info: Redefining \] on input line 2666.
)
("C:\Program Files (x86)\MiKTeX 2.9\tex\latex\natbib\natbib.sty"
Package: natbib 2010/09/13 8.31b (PWD, AO)
\bibhang=\skip46
\bibsep=\skip47
LaTeX Info: Redefining \cite on input line 694.
\c@NAT@ctr=\count100
)
(C:\Users\np838619\AppData\Local\MiKTeX\2.9\tex\latex\wrapfig\wrapfig.sty
\wrapoverhang=\dimen114
\WF@size=\dimen115
\c@WF@wrappedlines=\count101
\WF@box=\box28
\WF@everypar=\toks20
Package: wrapfig 2003/01/31  v 3.6
)
("C:\Program Files (x86)\MiKTeX 2.9\tex\latex\esint\esint.sty"
Package: esint 
\symlargesymbolsA=\mathgroup4
)
("C:\Program Files (x86)\MiKTeX 2.9\tex\latex\amsfonts\amsfonts.sty"
Package: amsfonts 2013/01/14 v3.01 Basic AMSFonts support
\symAMSa=\mathgroup5
\symAMSb=\mathgroup6
LaTeX Font Info:    Overwriting math alphabet `\mathfrak' in version `bold'
(Font)                  U/euf/m/n --> U/euf/b/n on input line 106.
)
("C:\Program Files (x86)\MiKTeX 2.9\tex\latex\tools\tabularx.sty"
Package: tabularx 1999/01/07 v2.07 `tabularx' package (DPC)

("C:\Program Files (x86)\MiKTeX 2.9\tex\latex\tools\array.sty"
Package: array 2008/09/09 v2.4c Tabular extension package (FMi)
\col@sep=\dimen116
\extrarowheight=\dimen117
\NC@list=\toks21
\extratabsurround=\skip48
\backup@length=\skip49
)
\TX@col@width=\dimen118
\TX@old@table=\dimen119
\TX@old@col=\dimen120
\TX@target=\dimen121
\TX@delta=\dimen122
\TX@cols=\count102
\TX@ftn=\toks22
)
(C:\Users\np838619\AppData\Local\MiKTeX\2.9\tex\latex\paralist\paralist.sty
Package: paralist 2017/01/22 v2.7 Extended list environments
\pltopsep=\skip50
\plpartopsep=\skip51
\plitemsep=\skip52
\plparsep=\skip53
\pl@lab=\toks23
)
("C:\Program Files (x86)\MiKTeX 2.9\tex\latex\geometry\geometry.sty"
Package: geometry 2010/09/12 v5.6 Page Geometry

("C:\Program Files (x86)\MiKTeX 2.9\tex\generic\oberdiek\ifpdf.sty"
Package: ifpdf 2011/01/30 v2.3 Provides the ifpdf switch (HO)
Package ifpdf Info: pdfTeX in PDF mode is detected.
)
("C:\Program Files (x86)\MiKTeX 2.9\tex\generic\oberdiek\ifvtex.sty"
Package: ifvtex 2010/03/01 v1.5 Detect VTeX and its facilities (HO)
Package ifvtex Info: VTeX not detected.
)
("C:\Program Files (x86)\MiKTeX 2.9\tex\generic\ifxetex\ifxetex.sty"
Package: ifxetex 2010/09/12 v0.6 Provides ifxetex conditional
)
\Gm@cnth=\count103
\Gm@cntv=\count104
\c@Gm@tempcnt=\count105
\Gm@bindingoffset=\dimen123
\Gm@wd@mp=\dimen124
\Gm@odd@mp=\dimen125
\Gm@even@mp=\dimen126
\Gm@layoutwidth=\dimen127
\Gm@layoutheight=\dimen128
\Gm@layouthoffset=\dimen129
\Gm@layoutvoffset=\dimen130
\Gm@dimlist=\toks24

("C:\Program Files (x86)\MiKTeX 2.9\tex\latex\geometry\geometry.cfg")

Package geometry Warning: Over-specification in `h'-direction.
    `width' (0.0pt) is ignored.

) (C:\Users\np838619\AppData\Local\MiKTeX\2.9\tex\latex\subfigure\subfigure.sty
Package: subfigure 2002/07/30 v2.1.4 subfigure package
\subfigtopskip=\skip54
\subfigcapskip=\skip55
\subfigcaptopadj=\dimen131
\subfigbottomskip=\skip56
\subfigcapmargin=\dimen132
\subfiglabelskip=\skip57
\c@subfigure=\count106
\c@lofdepth=\count107
\c@subtable=\count108
\c@lotdepth=\count109
****************************************
* Local config file subfigure.cfg used *
****************************************
(C:\Users\np838619\AppData\Local\MiKTeX\2.9\tex\latex\subfigure\subfigure.cfg)
\subfig@top=\skip58
\subfig@bottom=\skip59
) ("C:\Program Files (x86)\MiKTeX 2.9\tex\latex\chngcntr\chngcntr.sty"
Package: chngcntr 2009/09/02 v1.0a change counter resetting
)
(C:\Users\np838619\AppData\Local\MiKTeX\2.9\tex\latex\subfig\subfig.sty
Package: subfig 2005/06/28 ver: 1.3 subfig package

(C:\Users\np838619\AppData\Local\MiKTeX\2.9\tex\latex\caption\caption3.sty
Package: caption3 2016/05/22 v1.7-166 caption3 kernel (AR)
Package caption3 Info: TeX engine: e-TeX on input line 67.
\captionmargin=\dimen133
\captionmargin@=\dimen134
\captionwidth=\dimen135
\caption@tempdima=\dimen136
\caption@indent=\dimen137
\caption@parindent=\dimen138
\caption@hangindent=\dimen139
)
\c@KVtest=\count110
\sf@farskip=\skip60
\sf@captopadj=\dimen140
\sf@capskip=\skip61
\sf@nearskip=\skip62
\sf@top=\skip63
\sf@bottom=\skip64
)
(C:\Users\np838619\AppData\Local\MiKTeX\2.9\tex\latex\caption\caption.sty
Package: caption 2016/02/21 v3.3-144 Customizing captions (AR)
\c@ContinuedFloat=\count111
Package caption Info: subfigure package is loaded.
Package caption Info: wrapfig package is loaded.
)
("C:\Program Files (x86)\MiKTeX 2.9\tex\latex\booktabs\booktabs.sty"
Package: booktabs 2005/04/14 v1.61803 publication quality tables
\heavyrulewidth=\dimen141
\lightrulewidth=\dimen142
\cmidrulewidth=\dimen143
\belowrulesep=\dimen144
\belowbottomsep=\dimen145
\aboverulesep=\dimen146
\abovetopsep=\dimen147
\cmidrulesep=\dimen148
\cmidrulekern=\dimen149
\defaultaddspace=\dimen150
\@cmidla=\count112
\@cmidlb=\count113
\@aboverulesep=\dimen151
\@belowrulesep=\dimen152
\@thisruleclass=\count114
\@lastruleclass=\count115
\@thisrulewidth=\dimen153
)
("C:\Program Files (x86)\MiKTeX 2.9\tex\latex\adjustbox\adjustbox.sty"
Package: adjustbox 2012/05/21 v1.0 Adjusting TeX boxes (trim, clip, ...)

("C:\Program Files (x86)\MiKTeX 2.9\tex\latex\xkeyval\xkeyval.sty"
Package: xkeyval 2012/10/14 v2.6b package option processing (HA)

("C:\Program Files (x86)\MiKTeX 2.9\tex\generic\xkeyval\xkeyval.tex"
\XKV@toks=\toks25
\XKV@tempa@toks=\toks26
\XKV@depth=\count116
File: xkeyval.tex 2012/10/14 v2.6b key=value parser (HA)
))
("C:\Program Files (x86)\MiKTeX 2.9\tex\latex\adjustbox\adjcalc.sty"
Package: adjcalc 2012/05/16 v1.1 Provides advanced setlength with multiple back
-ends (calc, etex, pgfmath)
)
("C:\Program Files (x86)\MiKTeX 2.9\tex\latex\adjustbox\trimclip.sty"
Package: trimclip 2012/05/16 v1.0 Trim and clip general TeX material

("C:\Program Files (x86)\MiKTeX 2.9\tex\latex\collectbox\collectbox.sty"
Package: collectbox 2012/05/17 v0.4b Collect macro arguments as boxes
\collectedbox=\box29
)
\tc@llx=\dimen154
\tc@lly=\dimen155
\tc@urx=\dimen156
\tc@ury=\dimen157
Package trimclip Info: Using driver 'tc-pdftex.def'.

("C:\Program Files (x86)\MiKTeX 2.9\tex\latex\adjustbox\tc-pdftex.def"
File: tc-pdftex.def 2012/05/13 v1.0 Clipping driver for pdftex
))
\adjbox@Width=\dimen158
\adjbox@Height=\dimen159
\adjbox@Depth=\dimen160
\adjbox@Totalheight=\dimen161

("C:\Program Files (x86)\MiKTeX 2.9\tex\latex\ifoddpage\ifoddpage.sty"
Package: ifoddpage 2016/04/23 v1.1 Conditionals for odd/even page detection
\c@checkoddpage=\count117
)
("C:\Program Files (x86)\MiKTeX 2.9\tex\latex\ltxmisc\varwidth.sty"
Package: varwidth 2009/03/30 ver 0.92;  Variable-width minipages
\@vwid@box=\box30
\sift@deathcycles=\count118
\@vwid@loff=\dimen162
\@vwid@roff=\dimen163
))
("C:\Program Files (x86)\MiKTeX 2.9\tex\latex\rotating\rotating.sty"
Package: rotating 2009/03/28 v2.16a rotated objects in LaTeX

("C:\Program Files (x86)\MiKTeX 2.9\tex\latex\base\ifthen.sty"
Package: ifthen 2001/05/26 v1.1c Standard LaTeX ifthen package (DPC)
)
\c@r@tfl@t=\count119
\rotFPtop=\skip65
\rotFPbot=\skip66
\rot@float@box=\box31
\rot@mess@toks=\toks27
)
("C:\Program Files (x86)\MiKTeX 2.9\tex\latex\graphics\lscape.sty"
Package: lscape 2000/10/22 v3.01 Landscape Pages (DPC)
)
(M:\Watershed\variability\corr_tables.aux)
LaTeX Font Info:    Checking defaults for OML/cmm/m/it on input line 26.
LaTeX Font Info:    ... okay on input line 26.
LaTeX Font Info:    Checking defaults for T1/cmr/m/n on input line 26.
LaTeX Font Info:    ... okay on input line 26.
LaTeX Font Info:    Checking defaults for OT1/cmr/m/n on input line 26.
LaTeX Font Info:    ... okay on input line 26.
LaTeX Font Info:    Checking defaults for OMS/cmsy/m/n on input line 26.
LaTeX Font Info:    ... okay on input line 26.
LaTeX Font Info:    Checking defaults for OMX/cmex/m/n on input line 26.
LaTeX Font Info:    ... okay on input line 26.
LaTeX Font Info:    Checking defaults for U/cmr/m/n on input line 26.
LaTeX Font Info:    ... okay on input line 26.
LaTeX Font Info:    Try loading font information for OT1+ptm on input line 26.

("C:\Program Files (x86)\MiKTeX 2.9\tex\latex\psnfss\ot1ptm.fd"
File: ot1ptm.fd 2001/06/04 font definitions for OT1/ptm.
)
(C:\Users\np838619\AppData\Local\MiKTeX\2.9\tex\context\base\supp-pdf.mkii
[Loading MPS to PDF converter (version 2006.09.02).]
\scratchcounter=\count120
\scratchdimen=\dimen164
\scratchbox=\box32
\nofMPsegments=\count121
\nofMParguments=\count122
\everyMPshowfont=\toks28
\MPscratchCnt=\count123
\MPscratchDim=\dimen165
\MPnumerator=\count124
\makeMPintoPDFobject=\count125
\everyMPtoPDFconversion=\toks29
)
*geometry* driver: auto-detecting
*geometry* detected driver: pdftex
*geometry* verbose mode - [ preamble ] result:
* driver: pdftex
* paper: a4paper
* layout: <same size as paper>
* layoutoffset:(h,v)=(0.0pt,0.0pt)
* modes: 
* h-part:(L,W,R)=(56.9055pt, 483.69687pt, 56.9055pt)
* v-part:(T,H,B)=(56.9055pt, 731.23584pt, 56.9055pt)
* \paperwidth=597.50787pt
* \paperheight=845.04684pt
* \textwidth=483.69687pt
* \textheight=731.23584pt
* \oddsidemargin=-15.36449pt
* \evensidemargin=-15.36449pt
* \topmargin=-52.36449pt
* \headheight=12.0pt
* \headsep=25.0pt
* \topskip=11.0pt
* \footskip=30.0pt
* \marginparwidth=50.0pt
* \marginparsep=10.0pt
* \columnsep=10.0pt
* \skip\footins=10.0pt plus 4.0pt minus 2.0pt
* \hoffset=0.0pt
* \voffset=0.0pt
* \mag=1000
* \@twocolumnfalse
* \@twosidefalse
* \@mparswitchfalse
* \@reversemarginfalse
* (1in=72.27pt=25.4mm, 1cm=28.453pt)

Package caption Info: Begin \AtBeginDocument code.
Package caption Info: subfig package v1.3 is loaded.
Package caption Info: rotating package is loaded.
Package caption Info: End \AtBeginDocument code.

LaTeX Warning: No positions in optional float specifier.
               Default added (so using `tbp') on input line 28.

LaTeX Font Info:    Try loading font information for U+esint on input line 30.
("C:\Program Files (x86)\MiKTeX 2.9\tex\latex\esint\uesint.fd"
File: uesint.fd 
)
LaTeX Font Info:    Try loading font information for U+msa on input line 30.

("C:\Program Files (x86)\MiKTeX 2.9\tex\latex\amsfonts\umsa.fd"
File: umsa.fd 2013/01/14 v3.01 AMS symbols A
)
LaTeX Font Info:    Try loading font information for U+msb on input line 30.

("C:\Program Files (x86)\MiKTeX 2.9\tex\latex\amsfonts\umsb.fd"
File: umsb.fd 2013/01/14 v3.01 AMS symbols B
)
LaTeX Font Info:    Font shape `OT1/ptm/bx/n' in size <10.95> not available
(Font)              Font shape `OT1/ptm/b/n' tried instead on input line 35.


LaTeX Warning: No positions in optional float specifier.
               Default added (so using `tbp') on input line 47.


LaTeX Warning: No positions in optional float specifier.
               Default added (so using `tbp') on input line 111.


<M://Watershed/variability/divq_vs_flux_atl_2x2_rmvmn.png, id=1, 578.16pt x 578
.16pt>
File: M://Watershed/variability/divq_vs_flux_atl_2x2_rmvmn.png Graphic file (ty
pe png)
 <use M://Watershed/variability/divq_vs_flux_atl_2x2_rmvmn.png>
Package pdftex.def Info: M://Watershed/variability/divq_vs_flux_atl_2x2_rmvmn.p
ng used on input line 132.
(pdftex.def)             Requested size: 387.36519pt x 387.36519pt.

<M://Watershed/variability/divq_vs_flux_ind_2x2_rmvmn.png, id=3, 578.16pt x 578
.16pt>
File: M://Watershed/variability/divq_vs_flux_ind_2x2_rmvmn.png Graphic file (ty
pe png)
 <use M://Watershed/variability/divq_vs_flux_ind_2x2_rmvmn.png>
Package pdftex.def Info: M://Watershed/variability/divq_vs_flux_ind_2x2_rmvmn.p
ng used on input line 140.
(pdftex.def)             Requested size: 387.36519pt x 387.36519pt.

<M://Watershed/variability/divq_vs_flux_pac_2x2_rmvmn.png, id=4, 578.16pt x 578
.16pt>
File: M://Watershed/variability/divq_vs_flux_pac_2x2_rmvmn.png Graphic file (ty
pe png)
 <use M://Watershed/variability/divq_vs_flux_pac_2x2_rmvmn.png>
Package pdftex.def Info: M://Watershed/variability/divq_vs_flux_pac_2x2_rmvmn.p
ng used on input line 148.
(pdftex.def)             Requested size: 387.36519pt x 387.36519pt.

<M://Watershed/variability/divq_vs_flux_arc_2x2_rmvmn.png, id=5, 289.08pt x 867
.24pt>
File: M://Watershed/variability/divq_vs_flux_arc_2x2_rmvmn.png Graphic file (ty
pe png)
 <use M://Watershed/variability/divq_vs_flux_arc_2x2_rmvmn.png>
Package pdftex.def Info: M://Watershed/variability/divq_vs_flux_arc_2x2_rmvmn.p
ng used on input line 156.
(pdftex.def)             Requested size: 193.68259pt x 581.04779pt.

<M://Watershed/variability/divq_vs_flux_sou_2x2_rmvmn.png, id=6, 289.08pt x 867
.24pt>
File: M://Watershed/variability/divq_vs_flux_sou_2x2_rmvmn.png Graphic file (ty
pe png)
 <use M://Watershed/variability/divq_vs_flux_sou_2x2_rmvmn.png>
Package pdftex.def Info: M://Watershed/variability/divq_vs_flux_sou_2x2_rmvmn.p
ng used on input line 164.
(pdftex.def)             Requested size: 193.68259pt x 581.04779pt.
 [1{C:/Users/np838619/AppData/Local/MiKTeX/2.9/pdftex/config/pdftex.map}] [2 <M
://Watershed/variability/divq_vs_flux_atl_2x2_rmvmn.png>] [3 <M://Watershed/var
iability/divq_vs_flux_ind_2x2_rmvmn.png>] [4 <M://Watershed/variability/divq_vs
_flux_pac_2x2_rmvmn.png>] [5 <M://Watershed/variability/divq_vs_flux_arc_2x2_rm
vmn.png>]
[6 <M://Watershed/variability/divq_vs_flux_sou_2x2_rmvmn.png>]
(M:\Watershed\variability\corr_tables.aux) ) 
Here is how much of TeX's memory you used:
 5336 strings out of 493921
 79831 string characters out of 3144867
 156962 words of memory out of 3000000
 8503 multiletter control sequences out of 15000+200000
 18169 words of font info for 59 fonts, out of 3000000 for 9000
 841 hyphenation exceptions out of 8191
 36i,8n,77p,715b,416s stack positions out of 5000i,500n,10000p,200000b,50000s
{C:/Program Files (x86)/MiKTeX 2.9/
fonts/enc/dvips/fontname/8r.enc}<C:/Program Files (x86)/MiKTeX 2.9/fonts/type1/
public/amsfonts/cm/cmbx9.pfb><C:/Program Files (x86)/MiKTeX 2.9/fonts/type1/pub
lic/amsfonts/cm/cmmi9.pfb><C:/Program Files (x86)/MiKTeX 2.9/fonts/type1/public
/amsfonts/cm/cmr6.pfb><C:/Program Files (x86)/MiKTeX 2.9/fonts/type1/public/ams
fonts/cm/cmr9.pfb><C:/Program Files (x86)/MiKTeX 2.9/fonts/type1/public/amsfont
s/cm/cmsy6.pfb><C:/Program Files (x86)/MiKTeX 2.9/fonts/type1/public/amsfonts/c
m/cmsy9.pfb><C:/Program Files (x86)/MiKTeX 2.9/fonts/type1/urw/times/utmb8a.pfb
><C:/Program Files (x86)/MiKTeX 2.9/fonts/type1/urw/times/utmr8a.pfb>
Output written on corr_tables.pdf (6 pages, 325296 bytes).
PDF statistics:
 65 PDF objects out of 1000 (max. 8388607)
 0 named destinations out of 1000 (max. 500000)
 26 words of extra memory for PDF output out of 10000 (max. 10000000)

